Charm++: standalone mode (not using charmrun)
Charm++> Running in Multicore mode: 4 threads (PEs)
Charm++> Using recursive bisection (scheme 3) for topology aware partitions
Converse/Charm++ Commit ID: 
CharmLB> Load balancer assumes all CPUs are same.
Charm++> cpu affinity enabled. 
Charm++> Running on 1 hosts (2 sockets x 64 cores x 1 PUs = 128-way SMP)
Charm++> cpu topology info is gathered in 0.003 seconds.
Info: Built with CUDA version 11080
Pe 3 physical rank 3 binding to CUDA device 3 on hades.olympus.clemson.edu: 'NVIDIA A100-SXM4-40GB'  Mem: 40326MB  Rev: 8.0  PCI: 0:c1:0
Pe 1 physical rank 1 binding to CUDA device 1 on hades.olympus.clemson.edu: 'NVIDIA A100-SXM4-40GB'  Mem: 40326MB  Rev: 8.0  PCI: 0:41:0
Pe 0 physical rank 0 binding to CUDA device 0 on hades.olympus.clemson.edu: 'NVIDIA A100-SXM4-40GB'  Mem: 40326MB  Rev: 8.0  PCI: 0:1:0
Pe 2 physical rank 2 binding to CUDA device 2 on hades.olympus.clemson.edu: 'NVIDIA A100-SXM4-40GB'  Mem: 40326MB  Rev: 8.0  PCI: 0:81:0
CharmLB> Load balancing instrumentation for communication is off.
Info: NAMD 3.0.1 for Linux-x86_64-multicore-CUDA
Info: 
Info: Please visit http://www.ks.uiuc.edu/Research/namd/
Info: for updates, documentation, and support information.
Info: 
Info: Please cite Phillips et al., J. Chem. Phys. 153:044130 (2020) doi:10.1063/5.0014475
Info: in all publications reporting results obtained with NAMD.
Info: 
Info: Based on Charm++/Converse 80000 for multicore-linux-x86_64-gcc
Info: Built Mon Oct 14 10:33:44 CDT 2024 by dhardy on athine.ks.uiuc.edu
Info: 1 NAMD  3.0.1  Linux-x86_64-multicore-CUDA  4    hades.olympus.clemson.edu  kristen
Info: Running on 4 processors, 1 nodes, 1 physical nodes.
Info: CPU topology information available.
Info: Charm++/Converse parallel runtime startup completed at 1.6166 s
CkLoopLib is used in SMP with simple dynamic scheduling (converse-level notification)
Info: 0 MB of memory in use based on /proc/self/stat
Info: Configuration file is /share/competition/namd/dhfr_gpu/dhfr_gpures_npt.namd
Info: Changed directory to /share/competition/namd/dhfr_gpu
TCL: Suspending until startup complete.
Warning: Option "1-4scaling" has been deprecated. Instead use "oneFourScaling".
Warning: Option "CUDASOAintegrate" has been deprecated. Instead use "GPUresident".
Warning: Option "CUDAForceTable" has been deprecated. Instead use "GPUForceTable".
Warning: Setting "GPUForceTable off" is considered experimental.
Warning: Option "DeviceMigration" has been deprecated. Instead use "GPUAtomMigration".
Warning: Setting "GPUAtomMigration on" is considered experimental.
Info: Tuning parameters to improve GPU-resident performance
Warning: Keeping margin at user-specified value 2
Warning: Performance might be improved by increasing margin size to >= 4
Warning: The Langevin gamma parameters differ over the particles,
Warning: requiring extra work per step to constrain rigid bonds.
Warning: Disabling lonepair support due to incompatability with GPU-resident.
Warning: GPUAtomMigration is experimental
Info: SIMULATION PARAMETERS:
Info: TIMESTEP               2
Info: NUMBER OF STEPS        0
Info: STEPS PER CYCLE        20
Info: PERIODIC CELL BASIS 1  62.23 0 0
Info: PERIODIC CELL BASIS 2  0 62.23 0
Info: PERIODIC CELL BASIS 3  0 0 62.23
Info: PERIODIC CELL CENTER   0 0 0
Info: LOAD BALANCER  None
Info: MIN ATOMS PER PATCH    40
Info: EMPTY PATCH LOAD       40 ATOMS
Info: INITIAL TEMPERATURE    300
Info: CENTER OF MASS MOVING INITIALLY? NO
Info: DIELECTRIC             1
Info: EXCLUDE                SCALED ONE-FOUR
Info: 1-4 ELECTROSTATICS SCALED BY 1
Info: MODIFIED 1-4 VDW PARAMETERS WILL BE USED
Info: NO DCD TRAJECTORY OUTPUT
Info: NO EXTENDED SYSTEM TRAJECTORY OUTPUT
Info: NO VELOCITY DCD OUTPUT
Info: NO FORCE DCD OUTPUT
Info: OUTPUT FILENAME        out_dhfr
Info: BINARY OUTPUT FILES WILL BE USED
Info: NO RESTART FILE
Info: SWITCHING ACTIVE
Info: SWITCHING ON           10
Info: SWITCHING OFF          12
Info: PAIRLIST DISTANCE      13.5
Info: PAIRLIST SHRINK RATE   0
Info: PAIRLIST GROW RATE     0
Info: PAIRLIST TRIGGER       0
Info: PAIRLISTS PER CYCLE    2
Info: PAIRLISTS ENABLED
Info: MARGIN                 2
Info: HYDROGEN GROUP CUTOFF  2.5
Info: PATCH DIMENSION        18
Info: ENERGY OUTPUT STEPS    5000
Info: ENERGY EVALUATION STEPS    5000
Info: OUTPUT ENERGY PRECISION 4
Info: CROSSTERM ENERGY INCLUDED IN DIHEDRAL
Info: TIMING OUTPUT STEPS    5000
Info: PRESSURE OUTPUT STEPS  5000
Info: LANGEVIN DYNAMICS ACTIVE
Info: LANGEVIN TEMPERATURE   300
Info: LANGEVIN USING BBK INTEGRATOR
Info: LANGEVIN DAMPING COEFFICIENT IS 5 INVERSE PS
Info: LANGEVIN DYNAMICS NOT APPLIED TO HYDROGENS
Info: LANGEVIN PISTON PRESSURE CONTROL ACTIVE
Info:        TARGET PRESSURE IS 1.01325 BAR
Info:     OSCILLATION PERIOD IS 100 FS
Info:             DECAY TIME IS 50 FS
Info:     PISTON TEMPERATURE IS 300 K
Info:       PRESSURE CONTROL IS GROUP-BASED
Info:    INITIAL STRAIN RATE IS 0 0 0
Info:       CELL FLUCTUATION IS ISOTROPIC
Info: PARTICLE MESH EWALD (PME) ACTIVE
Info: PME TOLERANCE               1e-06
Info: PME EWALD COEFFICIENT       0.257952
Info: PME INTERPOLATION ORDER     4
Info: PME GRID DIMENSIONS         64 64 64
Info: PME MAXIMUM GRID SPACING    1.5
Info: PME CALCULATION WILL BE PERFORMED ON GPU
Info: FULL ELECTROSTATIC EVALUATION FREQUENCY      2
Info: USING VERLET I (r-RESPA) MTS SCHEME.
Info: C1 SPLITTING OF LONG RANGE ELECTROSTATICS
Info: PLACING ATOMS IN PATCHES BY HYDROGEN GROUPS
Info: RIGID BONDS TO HYDROGEN : ALL
Info:         ERROR TOLERANCE : 1e-08
Info:          MAX ITERATIONS : 100
Info: RIGID WATER USING SETTLE ALGORITHM
Info: RANDOM NUMBER SEED     314159
Info: USE HYDROGEN BONDS?    NO
Info: COORDINATE PDB         ./5dhfr_cube.pdb
Info: STRUCTURE FILE         ./5dhfr_cube.psf
Info: PARAMETER file: CHARMM format! 
Info: PARAMETERS             ./par_all22_prot.inp
Info: USING ARITHMETIC MEAN TO COMBINE L-J SIGMA PARAMETERS
Info: SUMMARY OF PARAMETERS:
Info: 138 BONDS
Info: 341 ANGLES
Info: 443 DIHEDRAL
Info: 46 IMPROPER
Info: 0 CROSSTERM
Info: 60 VDW
Info: 0 VDW_PAIRS
Info: 0 NBTHOLE_PAIRS
Warning: Ignored 7023 bonds with zero force constants.
Warning: Will get H-H distance in rigid H2O from H-O-H angle.
Info: TIME FOR READING PSF FILE: 0.0853299
Info: Reading pdb file ./5dhfr_cube.pdb
Info: TIME FOR READING PDB FILE: 0.0246657
Info: 
Info: ****************************
Info: STRUCTURE SUMMARY:
Info: 23558 ATOMS
Info: 16569 BONDS
Info: 11584 ANGLES
Info: 6701 DIHEDRALS
Info: 418 IMPROPERS
Info: 0 CROSSTERMS
Info: 0 EXCLUSIONS
Info: 22290 RIGID BONDS
Info: 48384 DEGREES OF FREEDOM
Info: 8291 HYDROGEN GROUPS
Info: 4 ATOMS IN LARGEST HYDROGEN GROUP
Info: 8291 MIGRATION GROUPS
Info: 4 ATOMS IN LARGEST MIGRATION GROUP
Info: TOTAL MASS = 144511 amu
Info: TOTAL CHARGE = -11 e
Info: MASS DENSITY = 0.995777 g/cm^3
Info: ATOM DENSITY = 0.097755 atoms/A^3
Info: *****************************
Info: 
Info: Entering startup at 1.75848 s, 0 MB of memory in use
Info: Startup phase 0 took 9.9918e-05 s, 0 MB of memory in use
Info: ADDED 34709 IMPLICIT EXCLUSIONS
Info: Startup phase 1 took 0.00627133 s, 0 MB of memory in use
Info: NONBONDED TABLE R-SQUARED SPACING: 0.0625
Info: NONBONDED TABLE SIZE: 769 POINTS
Info: INCONSISTENCY IN FAST TABLE ENERGY VS FORCE: 0.000325096 AT 11.9556
Info: INCONSISTENCY IN SCOR TABLE ENERGY VS FORCE: 0.000324844 AT 11.9556
Info: INCONSISTENCY IN VDWA TABLE ENERGY VS FORCE: 0.0040507 AT 0.251946
Info: INCONSISTENCY IN VDWB TABLE ENERGY VS FORCE: 0.00150189 AT 0.251946
Info: Startup phase 2 took 0.00174223 s, 0 MB of memory in use
Info: Startup phase 3 took 6.6625e-05 s, 0 MB of memory in use
Info: Startup phase 4 took 0.000257385 s, 0 MB of memory in use
Info: Startup phase 5 took 7.1254e-05 s, 0 MB of memory in use
Info: PATCH GRID IS 3 (PERIODIC) BY 3 (PERIODIC) BY 6 (PERIODIC)
Info: PATCH GRID IS 1-AWAY BY 1-AWAY BY 2-AWAY
Info: REMOVING COM VELOCITY 0.0191115 -0.0160564 0.0528566
Info: LARGEST PATCH (33) HAS 483 ATOMS
Info: TORUS A SIZE 1 USING 0
Info: TORUS B SIZE 1 USING 0
Info: TORUS C SIZE 1 USING 0
Info: TORUS MINIMAL MESH SIZE IS 1 BY 1 BY 1
Info: Placed 100% of base nodes on same physical node as patch
Info: Startup phase 6 took 0.0170614 s, 0 MB of memory in use
Info: Use 3D box decompostion in PME FFT.
Info: PME using 1 x 1 x 1 pencil grid for FFT and reciprocal sum.
Info: Startup phase 7 took 0.000365008 s, 0 MB of memory in use
Info: Updated CUDA force table with 4096 elements.
Info: Updated CUDA LJ table with 60 x 60 elements.
Info: Updated CUDA force table with 4096 elements.
Info: Updated CUDA LJ table with 60 x 60 elements.
Info: Updated CUDA force table with 4096 elements.
Info: Updated CUDA LJ table with 60 x 60 elements.
Info: Updated CUDA force table with 4096 elements.
Info: Updated CUDA LJ table with 60 x 60 elements.
Info: Startup phase 8 took 0.00350748 s, 0 MB of memory in use
Info: Startup phase 9 took 7.8428e-05 s, 0 MB of memory in use
Info: Startup phase 10 took 6.1536e-05 s, 0 MB of memory in use
Info: Startup phase 11 took 0.00938273 s, 0 MB of memory in use
Info: Startup phase 12 took 0.0456682 s, 0 MB of memory in use
Info: CREATING 1652 COMPUTE OBJECTS
Info: Found 275 unique exclusion lists needing 860 bytes
Info: Found 275 unique exclusion lists needing 860 bytes
Info: Found 275 unique exclusion lists needing 860 bytes
Info: Found 275 unique exclusion lists needing 860 bytes
Info: useSync: 0 useProxySync: 0
Info: Startup phase 13 took 0.183629 s, 0 MB of memory in use
Info: Startup phase 14 took 7.5021e-05 s, 0 MB of memory in use
Info: Startup phase 15 took 0.000279807 s, 0 MB of memory in use
Info: Finished startup at 2.0271 s, 0 MB of memory in use

TCL: Running for 1000000 steps
PRESSURE: 0 304.77 -0.86843 255.617 -0.866066 100.23 163.077 255.617 163.077 30.2525
GPRESSURE: 0 276.847 43.1222 51.2784 -57.4324 143.573 247.444 184.332 103.827 122.618
ETITLE:      TS           BOND          ANGLE          DIHED          IMPRP               ELECT            VDW       BOUNDARY           MISC        KINETIC               TOTAL           TEMP      POTENTIAL       TOTALAVG        TEMPAVG            PRESSURE      GPRESSURE         VOLUME       PRESSAVG      GPRESSAVG

ENERGY:       0       587.1760      1383.8941       921.7804       101.4568         -82756.2528      7409.4656         0.0000         0.0000     14367.6986         -57984.7812       298.8655    -72352.4798    -57984.7812       298.8655            145.0843       181.0127    240990.2116       145.0843       181.0127

Info: Initial time: 4 CPUs 0.00145441 s/step 118.811 ns/day 0 MB memory
Info: Initial time: 4 CPUs 0.000663626 s/step 260.387 ns/day 0 MB memory
Info: Initial time: 4 CPUs 0.00065388 s/step 264.269 ns/day 0 MB memory
Info: Benchmark time: 4 CPUs 0.000645586 s/step 267.664 ns/day 0 MB memory
Info: Benchmark time: 4 CPUs 0.000635 s/step 272.126 ns/day 0 MB memory
Info: Benchmark time: 4 CPUs 0.000727541 s/step 237.512 ns/day 0 MB memory
Info: Benchmark time: 4 CPUs 0.000550866 s/step 313.688 ns/day 0 MB memory
Info: Benchmark time: 4 CPUs 0.000561426 s/step 307.787 ns/day 0 MB memory
Info: Benchmark time: 4 CPUs 0.000550686 s/step 313.791 ns/day 0 MB memory
PRESSURE: 5000 -294.302 103.422 -89.3392 103.42 -91.7564 66.7098 -89.3393 66.7083 -71.7386
GPRESSURE: 5000 -232.398 149.726 -31.4929 -52.9797 -127.606 224.284 -15.6281 -3.5501 -4.11753
PRESSAVG: 5000 5.23427 51.2767 83.1388 51.2767 4.23685 114.893 83.1388 114.893 -20.7431
GPRESSAVG: 5000 22.2243 96.424 9.89274 -55.206 7.98326 235.864 84.3521 50.1382 59.2505
TIMING: 5000  CPU: 2.91508, 0.000566147/step  Wall: 3.22894, 0.000587361/step, 294.197 ns/days, 0.16234 hours remaining, 0.000000 MB of memory in use.
PERFORMANCE: 5000  averaging 294.197 ns/day, 0.000587361 sec/step with standard deviation 0
ENERGY:    5000       463.1997      1389.0921       861.1445        79.3274         -82579.9688      6476.8195         0.0000         0.0000     14364.5885         -58945.7970       298.8008    -73310.3855    -58465.2891       298.8332           -152.5989      -121.3740    230336.8807        -3.7573        29.8193

PRESSURE: 10000 -99.4298 -23.9421 -27.4416 -23.9398 76.1197 131.594 -27.4432 131.595 443.893
GPRESSURE: 10000 -103.811 119.464 -119.476 -77.6807 73.6301 200.634 257.438 23.7367 558.005
PRESSAVG: 10000 -29.6537 26.2046 46.2781 26.2046 28.1978 120.46 46.2781 120.46 134.136
GPRESSAVG: 10000 -19.7876 104.104 -33.2301 -62.6976 29.8655 224.121 142.047 41.3377 225.502
TIMING: 10000  CPU: 5.65034, 0.000547053/step  Wall: 5.98718, 0.000551648/step, 313.243 ns/days, 0.151703 hours remaining, 0.000000 MB of memory in use.
PERFORMANCE: 10000  averaging 303.422 ns/day, 0.000569504 sec/step with standard deviation 2.52525e-05
ENERGY:   10000       509.4261      1380.0703       839.8802        87.1340         -82484.6958      6569.9048         0.0000         0.0000     14409.2876         -58688.9929       299.7306    -73098.2805    -58539.8570       299.1323            140.1943       175.9413    229275.2801        44.2266        78.5266

PRESSURE: 15000 -314.034 -359.455 -41.3224 -359.455 121.512 133.421 -41.3195 133.421 -280.083
GPRESSURE: 15000 -204.401 -306.855 -156.143 -374.225 180.427 47.499 38.1946 116.617 -323.512
PRESSAVG: 15000 -100.749 -70.2104 24.3787 -70.2104 51.5264 123.701 24.3787 123.701 30.581
GPRESSAVG: 15000 -65.9409 1.36436 -63.9583 -140.579 67.5059 179.965 116.084 60.1574 88.2485
TIMING: 15000  CPU: 8.37475, 0.000544882/step  Wall: 8.73428, 0.000549419/step, 314.514 ns/days, 0.150327 hours remaining, 0.000000 MB of memory in use.
PERFORMANCE: 15000  averaging 307.031 ns/day, 0.000562809 sec/step with standard deviation 2.12914e-05
ENERGY:   15000       489.5157      1331.5978       865.9921        82.2709         -82216.8876      6343.8064         0.0000         0.0000     14337.8512         -58765.8536       298.2447    -73103.7048    -58596.3562       298.9104           -157.5348      -115.8287    230385.7407        -6.2138        29.9378

PRESSURE: 20000 -440.477 136.179 56.1671 136.18 -67.6447 59.9219 56.167 59.9236 76.3008
GPRESSURE: 20000 -365.809 40.7515 -82.1953 192.878 -37.9849 47.1298 -30.9031 -57.8818 95.7408
PRESSAVG: 20000 -168.694 -28.9323 30.7364 -28.9323 27.6921 110.945 30.7364 110.945 39.725
GPRESSAVG: 20000 -125.915 9.24179 -67.6057 -73.8879 46.4077 153.398 86.6867 36.5496 89.7469
TIMING: 20000  CPU: 11.1035, 0.000545751/step  Wall: 11.4878, 0.000550705/step, 313.779 ns/days, 0.149914 hours remaining, 0.000000 MB of memory in use.
PERFORMANCE: 20000  averaging 308.691 ns/day, 0.000559783 sec/step with standard deviation 1.84076e-05
ENERGY:   20000       498.7691      1416.9911       848.9565        76.9308         -82407.2145      6403.2697         0.0000         0.0000     14356.5522         -58805.7452       298.6337    -73162.2973    -58638.2340       298.8551           -143.9404      -102.6843    230086.0945       -33.7591         3.4134

PRESSURE: 25000 271.953 -60.1961 -166.198 -60.1972 361.388 226.978 -166.197 226.977 399.034
GPRESSURE: 25000 194.892 -8.6662 -196.727 -93.5688 553.775 253.963 5.57479 143.91 391.395
PRESSAVG: 25000 -95.2532 -34.1432 -2.08589 -34.1432 83.3081 130.284 -2.08589 130.284 99.6099
GPRESSAVG: 25000 -72.4467 6.25713 -89.1259 -77.168 130.969 170.159 73.1681 54.443 140.022
TIMING: 25000  CPU: 13.8455, 0.000548404/step  Wall: 14.252, 0.000552841/step, 312.567 ns/days, 0.149728 hours remaining, 0.000000 MB of memory in use.
PERFORMANCE: 25000  averaging 309.458 ns/day, 0.000558395 sec/step with standard deviation 1.6241e-05
ENERGY:   25000       532.8263      1414.3936       854.8459        86.9977         -82873.6371      6790.8650         0.0000         0.0000     14413.5378         -58780.1707       299.8190    -73193.7085    -58661.8901       299.0157            344.1251       380.0209    229477.9207        29.2216        66.1813

PRESSURE: 30000 -65.6965 -63.1911 -88.9693 -63.1952 237.831 -59.1779 -88.9687 -59.1763 495.438
GPRESSURE: 30000 -127.821 -102.776 -120.25 -25.3867 308.518 -208.162 -136.824 -43.5044 554.115
PRESSAVG: 30000 -91.0308 -38.2935 -14.4977 -38.2935 105.383 103.218 -14.4977 103.218 156.157
GPRESSAVG: 30000 -80.3573 -9.31909 -93.5723 -69.7707 156.333 116.113 43.1692 40.4505 199.178
TIMING: 30000  CPU: 16.5745, 0.000545798/step  Wall: 17.0032, 0.000550234/step, 314.048 ns/days, 0.148258 hours remaining, 0.000000 MB of memory in use.
PERFORMANCE: 30000  averaging 310.214 ns/day, 0.000557035 sec/step with standard deviation 1.49035e-05
ENERGY:   30000       511.0289      1412.6606       847.8925        75.3572         -82617.8717      6560.7321         0.0000         0.0000     14507.5540         -58702.6464       301.7747    -73210.2004    -58667.7124       299.4099            222.5244       244.9373    229937.0469        56.8363        91.7179

PRESSURE: 35000 -346.662 -136.394 255.583 -136.39 -54.8579 203.743 255.584 203.744 138.038
GPRESSURE: 35000 -253.245 -191.127 173.88 -169.762 -97.2041 291.71 202.244 32.5824 151.752
PRESSAVG: 35000 -122.985 -50.5555 19.2626 -50.5555 85.3527 115.784 19.2626 115.784 153.892
GPRESSAVG: 35000 -101.968 -32.0451 -60.1408 -82.2696 124.641 138.063 63.0535 39.467 193.25
TIMING: 35000  CPU: 19.3153, 0.000548164/step  Wall: 19.7676, 0.000552894/step, 312.537 ns/days, 0.148206 hours remaining, 0.000000 MB of memory in use.
PERFORMANCE: 35000  averaging 310.544 ns/day, 0.000556443 sec/step with standard deviation 1.36947e-05
ENERGY:   35000       502.0976      1397.5423       825.3950        74.1607         -82413.7655      6354.2862         0.0000         0.0000     14332.7954         -58927.4882       298.1395    -73260.2836    -58700.1844       299.2511            -87.8273       -66.2325    230033.3738        38.7533        71.9741

PRESSURE: 40000 -255.938 34.5152 -218.02 34.5135 -139.883 -45.0889 -218.018 -45.0891 -459.211
GPRESSURE: 40000 -220.061 4.28429 -144.143 86.3324 -72.3871 -0.846159 -305.844 -100.57 -477.876
PRESSAVG: 40000 -137.757 -41.1034 -7.10201 -41.1034 60.3266 97.9091 -7.10201 97.9091 85.7694
GPRESSAVG: 40000 -115.09 -28.0085 -69.4744 -63.536 102.749 122.628 22.0648 23.9073 118.68
TIMING: 40000  CPU: 22.0568, 0.000548291/step  Wall: 22.5325, 0.000552971/step, 312.494 ns/days, 0.147459 hours remaining, 0.000000 MB of memory in use.
PERFORMANCE: 40000  averaging 310.786 ns/day, 0.000556009 sec/step with standard deviation 1.27381e-05
ENERGY:   40000       499.4816      1389.2508       875.5545        79.4836         -82395.5486      6380.5406         0.0000         0.0000     14438.0198         -58733.2177       300.3283    -73171.2375    -58703.8548       299.3708           -285.0108      -256.7746    231081.8963         2.7795        35.4464

PRESSURE: 45000 -15.7937 173.063 -1.81768 173.063 82.1152 203.922 -1.81731 203.922 206.027
GPRESSURE: 45000 9.32306 193.17 77.5661 168.595 136.348 165.653 51.714 209.597 241.661
PRESSAVG: 45000 -125.561 -19.6868 -6.57354 -19.6868 62.5054 108.51 -6.57354 108.51 97.7952
GPRESSAVG: 45000 -102.648 -5.89067 -54.7704 -40.323 106.109 126.931 25.0298 42.4763 130.978
TIMING: 45000  CPU: 24.8023, 0.000549101/step  Wall: 25.3011, 0.00055372/step, 312.071 ns/days, 0.14689 hours remaining, 0.000000 MB of memory in use.
PERFORMANCE: 45000  averaging 310.928 ns/day, 0.000555755 sec/step with standard deviation 1.19398e-05
ENERGY:   45000       516.5684      1360.1152       863.6205        77.4527         -82697.1240      6528.0994         0.0000         0.0000     14266.0238         -59085.2438       296.7506    -73351.2676    -58741.9937       299.1087             90.7828       129.1108    229652.4142        11.5799        44.8129

PRESSURE: 50000 128.706 75.3983 -166.471 75.3984 -264.6 50.2559 -166.473 50.2558 -236.943
GPRESSURE: 50000 190.864 3.6397 -169.938 -26.6529 -288.129 112.958 -145.862 -98.8101 -196.74
PRESSAVG: 50000 -102.446 -11.0427 -21.1098 -11.0427 32.7686 103.214 -21.1098 103.214 67.3644
GPRESSAVG: 50000 -75.9654 -5.02427 -65.2401 -39.0802 70.269 125.661 9.49412 29.6321 101.186
TIMING: 50000  CPU: 27.5365, 0.000546848/step  Wall: 28.0604, 0.000551867/step, 313.119 ns/days, 0.145631 hours remaining, 0.000000 MB of memory in use.
PERFORMANCE: 50000  averaging 311.146 ns/day, 0.000555366 sec/step with standard deviation 1.13239e-05
ETITLE:      TS           BOND          ANGLE          DIHED          IMPRP               ELECT            VDW       BOUNDARY           MISC        KINETIC               TOTAL           TEMP      POTENTIAL       TOTALAVG        TEMPAVG            PRESSURE      GPRESSURE         VOLUME       PRESSAVG      GPRESSAVG

ENERGY:   50000       509.1870      1409.9162       851.4816        78.5533         -82584.3203      6490.5570         0.0000         0.0000     14435.1978         -58809.4274       300.2696    -73244.6251    -58748.1240       299.2143           -124.2792       -98.0016    230998.3881        -0.7710        31.8297

PRESSURE: 55000 -249.815 181.016 109.685 181.018 -573.378 8.67746 109.685 8.6777 -270.165
GPRESSURE: 55000 -127.91 195.956 -95.2701 221.032 -538.896 22.2733 144.053 29.538 -326.973
PRESSAVG: 55000 -114.727 4.96241 -10.2103 4.96241 -17.7437 95.3364 -10.2103 95.3364 39.2369
GPRESSAVG: 55000 -80.2942 11.7241 -67.7426 -17.4042 19.5052 117.045 20.7074 29.6243 65.5057
TIMING: 55000  CPU: 30.268, 0.000546296/step  Wall: 30.8162, 0.000551153/step, 313.525 ns/days, 0.144678 hours remaining, 0.000000 MB of memory in use.
PERFORMANCE: 55000  averaging 311.361 ns/day, 0.000554983 sec/step with standard deviation 1.08177e-05
ENERGY:   55000       525.9566      1409.7131       850.6774        72.3928         -82293.6648      6356.0411         0.0000         0.0000     14451.7016         -58627.1821       300.6129    -73078.8838    -58738.0455       299.3308           -364.4527      -331.2600    230140.4705       -31.0778         1.5723

PRESSURE: 60000 -30.2083 -180.559 121.115 -180.558 -389.879 196.411 121.114 196.411 -269.376
GPRESSURE: 60000 -24.6059 -117.005 132.057 -300.085 -372.655 283.848 163.775 146.245 -224.941
PRESSAVG: 60000 -108.225 -9.30842 -0.108382 -9.30842 -46.3694 103.111 -0.108382 103.111 15.4975
GPRESSAVG: 60000 -76.0105 1.82182 -52.3734 -39.1489 -10.661 129.876 31.7126 38.5951 43.1637
TIMING: 60000  CPU: 33.0036, 0.000547124/step  Wall: 33.5766, 0.000552075/step, 313.001 ns/days, 0.144153 hours remaining, 0.000000 MB of memory in use.
PERFORMANCE: 60000  averaging 311.497 ns/day, 0.000554741 sec/step with standard deviation 1.03484e-05
ENERGY:   60000       498.1664      1329.7415       830.0056        80.6041         -82531.3643      6495.4646         0.0000         0.0000     14344.0130         -58953.3690       298.3728    -73297.3821    -58754.6089       299.2571           -229.8208      -207.4007    231191.8445       -46.3657       -14.5026

PRESSURE: 65000 8.81488 -13.444 -179.509 -13.4468 -30.5161 66.3342 -179.507 66.3335 -294.557
GPRESSURE: 65000 -0.597632 -6.68148 -111.945 30.2067 -0.947921 119.16 -42.4909 13.971 -219.517
PRESSAVG: 65000 -99.8652 -9.60402 -12.9226 -9.60402 -45.237 100.484 -12.9226 100.484 -6.64926
GPRESSAVG: 65000 -70.6238 1.21444 -56.6286 -34.1949 -9.96718 129.11 26.4123 36.8362 24.4008
TIMING: 65000  CPU: 35.7295, 0.000545173/step  Wall: 36.3278, 0.000550242/step, 314.044 ns/days, 0.14291 hours remaining, 0.000000 MB of memory in use.
PERFORMANCE: 65000  averaging 311.691 ns/day, 0.000554395 sec/step with standard deviation 9.98604e-06
ENERGY:   65000       504.7916      1409.4734       835.4388        80.3522         -82741.1817      6562.8353         0.0000         0.0000     14411.6264         -58936.6639       299.7793    -73348.2904    -58767.6128       299.2944           -105.4194       -73.6874    230603.0327       -50.5838       -18.7301

PRESSURE: 70000 244.938 131.2 255.697 131.202 -2.50544 -161.424 255.694 -161.423 203.245
GPRESSURE: 70000 326.503 225.085 212.44 -25.0131 59.7767 -161.648 286.085 -230.284 144.93
PRESSAVG: 70000 -76.8783 -0.216982 4.9852 -0.216982 -42.3883 83.0239 4.9852 83.0239 7.34367
GPRESSAVG: 70000 -44.1487 16.1391 -38.6906 -33.5828 -5.31759 109.727 43.7238 19.0282 32.4361
TIMING: 70000  CPU: 38.4723, 0.000548555/step  Wall: 39.0948, 0.000553406/step, 312.248 ns/days, 0.142963 hours remaining, 0.000000 MB of memory in use.
PERFORMANCE: 70000  averaging 311.731 ns/day, 0.000554324 sec/step with standard deviation 9.59791e-06
ENERGY:   70000       479.6042      1355.6768       841.5268        81.1767         -82542.0806      6415.4654         0.0000         0.0000     14370.5606         -58998.0702       298.9251    -73368.6308    -58782.9766       299.2698            148.5589       177.0701    229442.8158       -37.3076        -5.6767

PRESSURE: 75000 210.359 123.602 -36.5992 123.605 39.125 93.5436 -36.5996 93.5426 14.7857
GPRESSURE: 75000 157.154 199.746 -88.217 235.494 98.8184 -37.5058 -131.539 135.901 122.583
PRESSAVG: 75000 -58.926 7.52191 2.38615 7.52191 -37.2937 83.6813 2.38615 83.6813 7.8088
GPRESSAVG: 75000 -31.5673 27.6146 -41.786 -16.7655 1.19091 100.525 32.7699 26.3328 38.0703
TIMING: 75000  CPU: 41.2109, 0.000547726/step  Wall: 41.8551, 0.000552051/step, 313.015 ns/days, 0.141846 hours remaining, 0.000000 MB of memory in use.
PERFORMANCE: 75000  averaging 311.816 ns/day, 0.000554172 sec/step with standard deviation 9.26738e-06
ENERGY:   75000       501.4275      1423.8068       862.8547        74.0793         -82442.9467      6516.6219         0.0000         0.0000     14385.1586         -58678.9980       299.2287    -73064.1565    -58776.4780       299.2672             88.0898       126.1852    230313.1654       -29.4703         2.5646

PRESSURE: 80000 -124.683 -201.757 -151.533 -201.759 223.972 19.6915 -151.534 19.69 106.13
GPRESSURE: 80000 -55.6962 -98.7965 -20.572 -216.704 187.07 77.8988 -144.968 -8.10346 172.836
PRESSAVG: 80000 -62.794 -4.78874 -6.66799 -4.78874 -21.9251 79.9171 -6.66799 79.9171 13.5924
GPRESSAVG: 80000 -32.9866 20.1787 -40.5382 -28.5266 12.1249 99.1936 22.3147 24.3071 45.9977
TIMING: 80000  CPU: 43.9471, 0.000547236/step  Wall: 44.6164, 0.000552264/step, 312.894 ns/days, 0.141134 hours remaining, 0.000000 MB of memory in use.
PERFORMANCE: 80000  averaging 311.883 ns/day, 0.000554053 sec/step with standard deviation 8.96585e-06
ENERGY:   80000       472.2249      1403.7966       837.9127        86.7232         -82815.3234      6491.9061         0.0000         0.0000     14437.1919         -59085.5680       300.3111    -73522.7600    -58794.6597       299.3286             68.4729       101.4031    228463.7493       -23.7089         8.3787

PRESSURE: 85000 -200.508 -2.75207 8.43856 -2.74868 84.5776 -140.755 8.44001 -140.755 30.3978
GPRESSURE: 85000 -61.2802 -34.3202 129.41 -61.4417 168.42 -297.308 -155.525 -28.6128 -77.8577
PRESSAVG: 85000 -70.4448 -4.6754 -5.82866 -4.6754 -16.0083 67.6575 -5.82866 67.6575 14.526
GPRESSAVG: 85000 -34.5585 17.1509 -31.0966 -30.3552 20.808 77.1658 12.4348 21.3671 39.1168
TIMING: 85000  CPU: 46.6797, 0.000546511/step  Wall: 47.3743, 0.000551576/step, 313.284 ns/days, 0.140192 hours remaining, 0.000000 MB of memory in use.
PERFORMANCE: 85000  averaging 311.965 ns/day, 0.000553907 sec/step with standard deviation 8.7019e-06
ENERGY:   85000       488.0112      1349.5124       857.4853        78.1888         -82536.4355      6469.1296         0.0000         0.0000     14379.1744         -58914.9338       299.1042    -73294.1082    -58801.3416       299.3162            -28.5110         9.7606    229806.5670       -23.9757         8.4554

PRESSURE: 90000 232.226 146.282 -127.394 146.28 154.969 -40.9953 -127.392 -40.9978 72.3399
GPRESSURE: 90000 207.651 213.81 0.806154 161.657 67.4531 -141.318 -191.339 -57.5006 255.281
PRESSAVG: 90000 -54.5148 3.26963 -12.2267 3.26963 -7.00951 61.9388 -12.2267 61.9388 17.5689
GPRESSAVG: 90000 -21.8106 27.5014 -29.4175 -20.2493 23.263 65.6666 1.70981 17.2162 50.4939
TIMING: 90000  CPU: 49.4259, 0.000549254/step  Wall: 50.1445, 0.000554039/step, 311.891 ns/days, 0.140049 hours remaining, 0.000000 MB of memory in use.
PERFORMANCE: 90000  averaging 311.961 ns/day, 0.000553915 sec/step with standard deviation 8.44214e-06
ENERGY:   90000       512.6174      1402.1181       859.7554        79.4601         -82586.2865      6589.9382         0.0000         0.0000     14371.6349         -58770.7623       298.9474    -73142.3973    -58799.7322       299.2968            153.1786       176.7951    230653.1493       -14.6518        17.3154

PRESSURE: 95000 -410.748 -36.8663 327.181 -36.8662 -405.605 -331.176 327.179 -331.175 -449.18
GPRESSURE: 95000 -276.088 95.6883 366.83 -187.021 -417.933 -335.637 363.812 -198.284 -462.475
PRESSAVG: 95000 -72.3264 1.26283 4.74358 1.26283 -26.9393 42.2831 4.74358 42.2831 -5.76858
GPRESSAVG: 95000 -34.5245 30.9107 -9.60514 -28.5879 1.2032 45.6014 19.8149 6.44118 24.8455
TIMING: 95000  CPU: 52.1725, 0.000549319/step  Wall: 52.9166, 0.000554432/step, 311.671 ns/days, 0.139378 hours remaining, 0.000000 MB of memory in use.
PERFORMANCE: 95000  averaging 311.946 ns/day, 0.000553942 sec/step with standard deviation 8.20515e-06
ENERGY:   95000       540.3336      1371.0893       838.6691        70.9464         -82548.5897      6437.7695         0.0000         0.0000     14622.4210         -58667.3609       304.1641    -73289.7818    -58793.1136       299.5401           -421.8441      -385.4985    229947.9350       -35.0114        -2.8253

PRESSURE: 100000 -315.855 -190.751 -83.759 -190.753 -262.179 87.8724 -83.7597 87.8735 -174.774
GPRESSURE: 100000 -232.734 -153.556 -44.8223 -228.844 -227.082 -29.2379 -124.258 176.697 -222.324
PRESSAVG: 100000 -103.358 -8.23153 -12.2252 -8.23153 -45.0597 38.5229 -12.2252 38.5229 -16.0199
GPRESSAVG: 100000 -60.0035 21.0768 -14.4102 -37.1585 -17.3295 31.7674 4.3854 10.0847 7.59833
TIMING: 100000  CPU: 54.909, 0.000547301/step  Wall: 55.6769, 0.000552055/step, 313.012 ns/days, 0.138014 hours remaining, 0.000000 MB of memory in use.
PERFORMANCE: 100000  averaging 311.999 ns/day, 0.000553848 sec/step with standard deviation 7.99744e-06
ETITLE:      TS           BOND          ANGLE          DIHED          IMPRP               ELECT            VDW       BOUNDARY           MISC        KINETIC               TOTAL           TEMP      POTENTIAL       TOTALAVG        TEMPAVG            PRESSURE      GPRESSURE         VOLUME       PRESSAVG      GPRESSAVG

ENERGY:  100000       495.0311      1360.4361       842.4575        73.9586         -82489.2490      6437.3047         0.0000         0.0000     14241.7698         -59038.2912       296.2461    -73280.0610    -58845.7891       299.4092           -250.9359      -227.3798    230277.4255       -54.8124       -23.2449

PRESSURE: 105000 240.948 -44.4551 -37.8816 -44.4567 -97.8771 35.9628 -37.8802 35.9644 198.59
GPRESSURE: 105000 298.072 -46.4579 -7.51878 54.6981 -59.1297 75.5703 41.0393 92.2461 131.072
PRESSAVG: 105000 -76.5952 -15.6253 -9.6523 -15.6253 -45.3657 36.9858 -9.6523 36.9858 -2.50347
GPRESSAVG: 105000 -33.48 11.2676 -13.2115 -31.7746 -13.9057 24.3317 7.21878 14.8745 14.3578
TIMING: 105000  CPU: 57.6421, 0.000546617/step  Wall: 58.4356, 0.000551747/step, 313.187 ns/days, 0.13717 hours remaining, 0.000000 MB of memory in use.
PERFORMANCE: 105000  averaging 312.056 ns/day, 0.000553748 sec/step with standard deviation 7.80841e-06
ENERGY:  105000       465.2316      1300.8558       845.8705        75.8292         -82583.9185      6613.1214         0.0000         0.0000     14501.3189         -58781.6913       301.6450    -73283.0101    -58837.5838       299.5514            113.8868       123.3379    229898.8089       -41.4881       -11.0093

PRESSURE: 110000 355.83 113.827 -37.6371 113.826 164.023 -0.266658 -37.6382 -0.266446 504.978
GPRESSURE: 110000 390.331 183.968 -45.8261 73.4816 241.572 57.0532 43.5407 -110.381 467.221
PRESSAVG: 110000 -53.8322 -8.73705 -10.162 -8.73705 -40.9706 30.3927 -10.162 30.3927 0.550753
GPRESSAVG: 110000 -8.77289 14.4928 -9.52898 -24.2165 -5.5086 17.1526 -3.47608 8.16862 9.81858
TIMING: 110000  CPU: 60.3871, 0.000549003/step  Wall: 61.2038, 0.000553641/step, 312.115 ns/days, 0.136872 hours remaining, 0.000000 MB of memory in use.
PERFORMANCE: 110000  averaging 312.058 ns/day, 0.000553743 sec/step with standard deviation 7.62026e-06
ENERGY:  110000       497.1327      1368.0683       847.5717        82.5910         -82665.2740      6641.4538         0.0000         0.0000     14441.3684         -58787.0881       300.3979    -73228.4565    -58842.4886       299.5847            341.6102       366.3746    230355.7753       -31.4173        -1.4876

PRESSURE: 115000 -147.638 -74.6824 -54.6987 -74.6821 -136.576 5.71689 -54.6967 5.71728 -153.531
GPRESSURE: 115000 -177.118 -25.9038 4.74717 -116.777 -69.0279 14.9753 -72.3042 -23.0529 -133.673
PRESSAVG: 115000 -45.5124 5.5016 -10.8309 5.5016 -53.875 24.0075 -10.8309 24.0075 6.87835
GPRESSAVG: 115000 -7.40876 28.5404 -1.48448 -11.3441 -17.9813 15.5264 -9.00102 1.18515 19.3105
TIMING: 115000  CPU: 63.1294, 0.000548452/step  Wall: 63.9707, 0.000553364/step, 312.272 ns/days, 0.136035 hours remaining, 0.000000 MB of memory in use.
PERFORMANCE: 115000  averaging 312.068 ns/day, 0.000553726 sec/step with standard deviation 7.44548e-06
ENERGY:  115000       514.1620      1351.2532       840.7583        81.9160         -83088.4352      6713.0146         0.0000         0.0000     14460.3752         -59126.9560       300.7933    -73587.3312    -58860.5437       299.7122           -145.9151      -126.6064    229955.9047       -30.8364        -2.0265

PRESSURE: 120000 -72.2219 177.387 -12.7753 177.388 104.659 -103.853 -12.7748 -103.853 -156.272
GPRESSURE: 120000 -158.574 221.636 -45.7258 133.053 221.658 -4.34521 98.0513 -114.905 -91.225
PRESSAVG: 120000 -27.0996 7.56201 -14.278 7.56201 -45.2598 15.8186 -14.278 15.8186 -4.75031
GPRESSAVG: 120000 2.95297 37.5846 0.338996 -14.3354 -4.99918 12.9527 -2.5533 -1.66602 9.96226
TIMING: 120000  CPU: 65.8626, 0.000546641/step  Wall: 66.7292, 0.000551711/step, 313.207 ns/days, 0.134863 hours remaining, 0.000000 MB of memory in use.
PERFORMANCE: 120000  averaging 312.115 ns/day, 0.000553642 sec/step with standard deviation 7.29343e-06
ENERGY:  120000       494.2249      1410.9633       846.6550        87.9044         -82775.2201      6482.9643         0.0000         0.0000     14224.6983         -59227.8098       295.8909    -73452.5081    -58881.6469       299.5750            -41.2783        -9.3804    230132.8105       -25.7032         2.6387

PRESSURE: 125000 -187.367 38.772 142.405 38.7692 75.6151 316.057 142.403 316.056 -293.085
GPRESSURE: 125000 -187.521 -15.1235 210.433 29.1393 79.7086 244.073 181.262 259.806 -222.342
PRESSAVG: 125000 -50.0657 12.5103 1.15202 12.5103 -59.5485 20.2726 1.15202 20.2726 -39.3563
GPRESSAVG: 125000 -16.1677 37.2617 20.697 -8.19995 -28.7025 12.4582 6.23108 4.12878 -20.7246
TIMING: 125000  CPU: 68.609, 0.000549275/step  Wall: 69.4999, 0.000554133/step, 311.838 ns/days, 0.134685 hours remaining, 0.000000 MB of memory in use.
PERFORMANCE: 125000  averaging 312.104 ns/day, 0.000553662 sec/step with standard deviation 7.14055e-06
ENERGY:  125000       525.4633      1367.8808       821.6540        85.0985         -82824.0227      6603.1708         0.0000         0.0000     14426.8238         -58993.9316       300.0954    -73420.7553    -58892.3350       299.5888           -134.9457      -110.0512    230227.8448       -49.6568       -21.8649

PRESSURE: 130000 -172.587 -253.507 17.0629 -253.509 63.1688 259.215 17.0645 259.215 -7.40753
GPRESSURE: 130000 -145.232 -220.491 153.911 -176.578 164.338 243.764 -90.8652 190.921 -42.3759
PRESSAVG: 130000 -55.4102 2.99466 6.45369 2.99466 -68.2816 36.1921 6.45369 36.1921 -64.4986
GPRESSAVG: 130000 -17.0382 31.376 34.4051 -15.7595 -35.9115 35.0545 8.52902 15.8501 -50.5491
TIMING: 130000  CPU: 71.3513, 0.000548457/step  Wall: 72.2662, 0.000553256/step, 312.333 ns/days, 0.133703 hours remaining, 0.000000 MB of memory in use.
PERFORMANCE: 130000  averaging 312.113 ns/day, 0.000553646 sec/step with standard deviation 6.99673e-06
ENERGY:  130000       492.6701      1417.0937       821.8027        84.2029         -82256.8471      6412.3162         0.0000         0.0000     14418.2496         -58610.5118       299.9170    -73028.7614    -58887.7283       299.4960            -38.9418        -7.7565    230857.8159       -62.7301       -34.4996

PRESSURE: 135000 -113.131 67.5714 193.988 67.5744 -85.6683 -8.67615 193.988 -8.67516 242.692
GPRESSURE: 135000 -45.7866 11.3633 302.863 78.6091 -84.4964 -27.4179 187.511 53.9203 257.226
PRESSAVG: 135000 -43.7336 13.1929 3.37385 13.1929 -69.8221 25.5712 3.37385 25.5712 -59.2658
GPRESSAVG: 135000 -6.66528 41.5006 40.8543 -3.34098 -35.2761 19.0981 7.7924 16.917 -45.2754
TIMING: 135000  CPU: 74.0918, 0.000548119/step  Wall: 75.0296, 0.000552692/step, 312.651 ns/days, 0.1328 hours remaining, 0.000000 MB of memory in use.
PERFORMANCE: 135000  averaging 312.133 ns/day, 0.000553611 sec/step with standard deviation 6.86332e-06
ENERGY:  135000       512.6278      1398.0719       842.1297        80.1878         -82665.6776      6510.2466         0.0000         0.0000     14547.6401         -58774.7737       302.6085    -73322.4138    -58880.0925       299.7194             14.6309        42.3143    229637.2197       -57.6072       -29.0723

PRESSURE: 140000 -275.616 -154.296 182.519 -154.296 131 -0.342895 182.519 -0.34339 -403.635
GPRESSURE: 140000 -222.309 -72.2066 76.6741 -214.507 115.58 -25.6954 342.831 64.4405 -372.254
PRESSAVG: 140000 -44.7175 3.75242 23.4008 3.75242 -56.278 27.8085 23.4008 27.8085 -56.487
GPRESSAVG: 140000 -6.77768 37.676 51.8951 -18.383 -25.8777 17.8557 40.2262 25.1675 -39.9944
TIMING: 140000  CPU: 76.8381, 0.000549246/step  Wall: 77.8006, 0.000554202/step, 311.8 ns/days, 0.132393 hours remaining, 0.000000 MB of memory in use.
PERFORMANCE: 140000  averaging 312.121 ns/day, 0.000553632 sec/step with standard deviation 6.73595e-06
ENERGY:  140000       496.7884      1366.9624       817.1557        79.1122         -82641.7527      6494.6537         0.0000         0.0000     14232.3543         -59154.7260       296.0502    -73387.0803    -58901.1679       299.5055           -182.7503      -159.6609    230773.7586       -52.4942       -24.2166

PRESSURE: 145000 -39.9581 -36.8654 64.3219 -36.8663 -110.258 -101.167 64.322 -101.166 437.987
GPRESSURE: 145000 101.164 -27.5502 125.032 -57.4787 -73.3166 -246.258 49.7463 -60.6969 379.476
PRESSAVG: 145000 -45.9257 -6.74404 26.7077 -6.74404 -65.8966 12.5541 26.7077 12.5541 -44.8891
GPRESSAVG: 145000 -2.18562 26.64 54.2684 -29.6866 -36.361 -2.73993 40.1278 11.6528 -33.1036
TIMING: 145000  CPU: 79.588, 0.000549984/step  Wall: 80.5733, 0.000554527/step, 311.617 ns/days, 0.1317 hours remaining, 0.000000 MB of memory in use.
PERFORMANCE: 145000  averaging 312.103 ns/day, 0.000553663 sec/step with standard deviation 6.61665e-06
ENERGY:  145000       506.9544      1375.4849       839.6049        94.0424         -82475.9167      6539.6553         0.0000         0.0000     14354.3724         -58765.8024       298.5883    -73120.1748    -58885.1959       299.5974             95.9235       135.7746    230234.8148       -52.2371       -23.8834

PRESSURE: 150000 62.4888 8.73722 273.166 8.7363 166.27 -133.756 273.164 -133.757 67.3168
GPRESSURE: 150000 123.975 -15.1522 170.708 -53.6392 191.353 -132.49 288.723 -108.943 62.7264
PRESSAVG: 150000 -49.2366 -10.0772 48.6896 -10.0772 -44.3531 3.35343 48.6896 3.35343 -29.676
GPRESSAVG: 150000 -5.53008 25.7004 71.3007 -31.036 -12.3868 -15.0123 61.857 11.1461 -20.1303
TIMING: 150000  CPU: 82.3406, 0.000550512/step  Wall: 83.35, 0.000555349/step, 311.156 ns/days, 0.131124 hours remaining, 0.000000 MB of memory in use.
PERFORMANCE: 150000  averaging 312.072 ns/day, 0.000553719 sec/step with standard deviation 6.50886e-06
ETITLE:      TS           BOND          ANGLE          DIHED          IMPRP               ELECT            VDW       BOUNDARY           MISC        KINETIC               TOTAL           TEMP      POTENTIAL       TOTALAVG        TEMPAVG            PRESSURE      GPRESSURE         VOLUME       PRESSAVG      GPRESSAVG

ENERGY:  150000       516.8873      1406.4689       842.3284        71.5048         -82572.2733      6501.0462         0.0000         0.0000     14403.8904         -58830.1473       299.6184    -73234.0377    -58886.2319       299.5648             98.6920       126.0183    229771.6955       -41.0886       -12.6824

PRESSURE: 155000 213.048 61.559 -25.7991 61.5577 231.964 -26.9068 -25.8 -26.9075 -15.3433
GPRESSURE: 155000 181.919 129.679 65.7598 56.039 293.345 -180.453 -66.561 92.2388 25.164
PRESSAVG: 155000 -26.0934 -16.0502 41.9153 -16.0502 -4.08598 1.57417 41.9153 1.57417 -16.935
GPRESSAVG: 155000 9.9614 22.3865 79.3522 -39.2856 29.2252 -25.1486 51.3263 14.2811 -2.52343
TIMING: 155000  CPU: 85.0857, 0.000549034/step  Wall: 86.1202, 0.000554039/step, 311.892 ns/days, 0.130045 hours remaining, 0.000000 MB of memory in use.
PERFORMANCE: 155000  averaging 312.066 ns/day, 0.000553729 sec/step with standard deviation 6.39971e-06
ENERGY:  155000       510.8789      1370.4592       819.1634        82.2208         -82710.9549      6540.7979         0.0000         0.0000     14459.8375         -58927.5973       300.7821    -73387.4347    -58901.2526       299.5733            143.2230       166.8094    230205.1153       -15.7048        12.2211

PRESSURE: 160000 -454.226 52.5161 174.903 52.5165 437.044 -73.163 174.902 -73.1638 -69.3097
GPRESSURE: 160000 -330.813 -14.4861 131.816 92.9297 409.449 -306.501 255.249 63.8188 -101.696
PRESSAVG: 160000 -47.2943 -4.39644 44.6047 -4.39644 37.2602 -11.9046 44.6047 -11.9046 -6.93166
GPRESSAVG: 160000 -5.34896 27.5125 79.3402 -19.6349 68.3305 -54.666 55.9 10.1598 3.63881
TIMING: 160000  CPU: 87.8299, 0.00054883/step  Wall: 88.8889, 0.000553739/step, 312.06 ns/days, 0.129206 hours remaining, 0.000000 MB of memory in use.
PERFORMANCE: 160000  averaging 312.066 ns/day, 0.00055373 sec/step with standard deviation 6.29565e-06
ENERGY:  160000       490.2744      1422.0382       857.8742        81.9061         -82729.8499      6499.2066         0.0000         0.0000     14324.2388         -59054.3116       297.9615    -73378.5504    -58906.2998       299.5527            -28.8304        -7.6865    229814.0495        -5.6553        22.2068

PRESSURE: 165000 8.09958 -260.554 78.0011 -260.553 -271.321 53.2886 78.0006 53.2872 -333.002
GPRESSURE: 165000 -19.8358 -169.098 136.186 -331.138 -218.02 -4.47761 2.41956 -14.8125 -267.688
PRESSAVG: 165000 -47.3301 -16.7517 57.4801 -16.7517 25.2199 -12.5569 57.4801 -12.5569 -8.85392
GPRESSAVG: 165000 -6.31087 19.3917 91.7467 -37.7021 57.4769 -60.8479 58.1455 8.72063 1.23025
TIMING: 165000  CPU: 90.5725, 0.000548523/step  Wall: 91.6565, 0.000553518/step, 312.185 ns/days, 0.128385 hours remaining, 0.000000 MB of memory in use.
PERFORMANCE: 165000  averaging 312.069 ns/day, 0.000553723 sec/step with standard deviation 6.19661e-06
ENERGY:  165000       505.1134      1368.1625       823.4590        70.9725         -82326.3016      6431.3906         0.0000         0.0000     14429.7949         -58697.4088       300.1572    -73127.2036    -58894.3370       299.5716           -198.7411      -168.5145    230283.0896       -10.3214        17.4654

PRESSURE: 170000 10.4768 -88.3425 -123.086 -88.3447 344.3 234.023 -123.084 234.022 381.76
GPRESSURE: 170000 93.4957 -174.258 -176.587 -15.0097 371.677 153.865 44.028 317.371 384.074
PRESSAVG: 170000 -59.0531 -27.7291 38.5412 -27.7291 42.5602 7.21536 38.5412 7.21536 0.0718432
GPRESSAVG: 170000 -17.9613 -0.575476 72.2953 -37.202 73.0719 -45.0722 46.0427 36.1034 13.1874
TIMING: 170000  CPU: 93.3211, 0.000549715/step  Wall: 94.4284, 0.000554378/step, 311.7 ns/days, 0.127815 hours remaining, 0.000000 MB of memory in use.
PERFORMANCE: 170000  averaging 312.058 ns/day, 0.000553743 sec/step with standard deviation 6.10303e-06
ENERGY:  170000       488.8919      1360.7143       828.9286        77.2527         -82527.8300      6475.4285         0.0000         0.0000     14388.9144         -58907.6996       299.3068    -73296.6141    -58889.8185       299.5907            245.5123       283.0820    229798.1167        -5.4737        22.7660

PRESSURE: 175000 75.5002 -254.425 39.0819 -254.425 517.305 47.6167 39.0836 47.6163 354.072
GPRESSURE: 175000 61.3602 -105.706 101.729 -337.297 547.312 58.5283 6.93141 4.68986 423.682
PRESSAVG: 175000 -65.796 -46.6306 42.3254 -46.6306 66.4692 4.91904 42.3254 4.91904 17.0362
GPRESSAVG: 175000 -22.7509 -15.8481 81.7926 -65.8415 95.4965 -40.2705 52.9662 29.5428 28.2423
TIMING: 175000  CPU: 96.0655, 0.000548889/step  Wall: 97.1962, 0.000553562/step, 312.16 ns/days, 0.126858 hours remaining, 0.000000 MB of memory in use.
PERFORMANCE: 175000  averaging 312.061 ns/day, 0.000553737 sec/step with standard deviation 6.01269e-06
ENERGY:  175000       482.7590      1398.1637       841.7704        75.3545         -82864.0791      6746.3285         0.0000         0.0000     14429.7282         -58889.9748       300.1558    -73319.7030    -58900.3673       299.6371            315.6259       344.1179    230065.4114         5.9031        33.6626

PRESSURE: 180000 -254.186 -291.59 -217.775 -291.591 -11.0909 128.607 -217.775 128.605 -739.15
GPRESSURE: 180000 -203.382 -262.627 -109.339 -169.71 1.81361 197.261 -296.732 239.896 -700.395
PRESSAVG: 180000 -72.2712 -51.1222 39.0133 -51.1222 54.7161 10.3648 39.0133 10.3648 -25.2278
GPRESSAVG: 180000 -30.1352 -24.0396 77.3543 -63.4918 86.2337 -34.3024 45.378 41.9428 -15.4192
TIMING: 180000  CPU: 98.8107, 0.000549041/step  Wall: 99.9637, 0.000553501/step, 312.195 ns/days, 0.126075 hours remaining, 0.000000 MB of memory in use.
PERFORMANCE: 180000  averaging 312.065 ns/day, 0.000553731 sec/step with standard deviation 5.9263e-06
ENERGY:  180000       510.8960      1446.4925       831.4415        73.3323         -82554.8420      6368.2323         0.0000         0.0000     14409.2102         -58915.2372       299.7290    -73324.4474    -58891.8508       299.6080           -334.8090      -300.6543    230771.1533       -14.2610        13.5598

PRESSURE: 185000 -125.575 76.4157 -136.459 76.4184 -28.4236 -91.1636 -136.457 -91.1621 -447.963
GPRESSURE: 185000 -93.2708 73.6439 -324.956 -56.7013 -44.4448 -137.416 -41.9274 -6.58956 -376.092
PRESSAVG: 185000 -68.5245 -47.1638 31.7685 -47.1638 49.066 12.8445 31.7685 12.8445 -49.1459
GPRESSAVG: 185000 -31.7348 -18.6414 54.636 -63.2547 75.5905 -26.3078 51.0579 43.044 -30.3309
TIMING: 185000  CPU: 101.557, 0.000549209/step  Wall: 102.732, 0.000553691/step, 312.087 ns/days, 0.12535 hours remaining, 0.000000 MB of memory in use.
PERFORMANCE: 185000  averaging 312.066 ns/day, 0.00055373 sec/step with standard deviation 5.84341e-06
ENERGY:  185000       522.0600      1402.2581       835.1625        86.6318         -82572.3270      6435.3689         0.0000         0.0000     14454.7070         -58836.1388       300.6754    -73290.8458    -58887.9110       299.6865           -200.6540      -171.2692    229052.1303       -22.8681         4.5083

PRESSURE: 190000 -645.434 -96.8717 123.28 -96.8697 -188.109 186.392 123.279 186.394 13.717
GPRESSURE: 190000 -496.444 -115.461 91.9778 25.2188 -302.518 155.441 197.205 215.507 74.1995
PRESSAVG: 190000 -112.408 -59.3213 44.302 -59.3213 31.9121 24.214 44.302 24.214 -52.077
GPRESSAVG: 190000 -66.9395 -35.105 59.1946 -70.0766 57.092 -11.4699 70.4851 56.6943 -39.385
TIMING: 190000  CPU: 104.305, 0.000549715/step  Wall: 105.504, 0.000554425/step, 311.674 ns/days, 0.124746 hours remaining, 0.000000 MB of memory in use.
PERFORMANCE: 190000  averaging 312.055 ns/day, 0.000553748 sec/step with standard deviation 5.76501e-06
ENERGY:  190000       472.1635      1317.6399       850.2626        77.6714         -82630.0087      6427.1254         0.0000         0.0000     14318.6496         -59166.4964       297.8452    -73485.1459    -58907.6977       299.6314           -273.2752      -241.5876    229539.1471       -44.1908       -16.4108

PRESSURE: 195000 -342.695 -152.263 196.074 -152.259 -193.221 107.024 196.071 107.023 -250.84
GPRESSURE: 195000 -291.491 -61.1136 268.475 -175.454 -158.631 144.54 153.032 27.3989 -234.405
PRESSAVG: 195000 -109.005 -65.091 37.7466 -65.091 42.5313 46.124 37.7466 46.124 -42.16
GPRESSAVG: 195000 -67.7097 -42.9451 54.2768 -69.4983 70.0571 12.539 59.9461 67.9785 -27.9815
TIMING: 195000  CPU: 107.048, 0.000548496/step  Wall: 108.27, 0.000553083/step, 312.43 ns/days, 0.123676 hours remaining, 0.000000 MB of memory in use.
PERFORMANCE: 195000  averaging 312.065 ns/day, 0.000553731 sec/step with standard deviation 5.68965e-06
ENERGY:  195000       465.0642      1350.7269       861.0244        83.3611         -82959.1691      6423.8885         0.0000         0.0000     14343.2186         -59431.8854       298.3563    -73775.1040    -58945.9239       299.3410           -262.2516      -228.1754    229940.7983       -36.2112        -8.5447

PRESSURE: 200000 -123.582 269.902 295.319 269.906 26.1033 157.016 295.317 157.015 14.2499
GPRESSURE: 200000 -37.1148 238.365 272.823 177.211 -23.77 110.303 248.491 157.484 60.6505
PRESSAVG: 200000 -99.3912 -42.058 56.7004 -42.058 56.9454 49.581 56.7004 49.581 -32.7088
GPRESSAVG: 200000 -57.9287 -23.349 70.1591 -49.1955 80.2226 19.516 78.5836 67.0178 -13.8327
TIMING: 200000  CPU: 109.796, 0.000549681/step  Wall: 111.04, 0.000554047/step, 311.887 ns/days, 0.123121 hours remaining, 0.000000 MB of memory in use.
PERFORMANCE: 200000  averaging 312.06 ns/day, 0.000553739 sec/step with standard deviation 5.61645e-06
ETITLE:      TS           BOND          ANGLE          DIHED          IMPRP               ELECT            VDW       BOUNDARY           MISC        KINETIC               TOTAL           TEMP      POTENTIAL       TOTALAVG        TEMPAVG            PRESSURE      GPRESSURE         VOLUME       PRESSAVG      GPRESSAVG

ENERGY:  200000       517.0037      1398.1959       824.3411        68.1560         -82692.2764      6581.5528         0.0000         0.0000     14344.0365         -58958.9904       298.3733    -73303.0269    -58941.9589       299.4474            -27.7429        -0.0781    229686.4385       -25.0515         2.8204

PRESSURE: 205000 169.516 -162.169 110.395 -162.169 31.38 -65.2196 110.393 -65.2187 328.52
GPRESSURE: 205000 278.782 -157.398 142.277 -38.7425 34.4581 -43.9593 123.605 58.192 318.014
PRESSAVG: 205000 -102.963 -47.9436 64.1141 -47.9436 63.4083 44.5219 64.1141 44.5219 -26.2123
GPRESSAVG: 205000 -58.8932 -28.896 77.6489 -53.8676 84.902 13.5396 82.7119 65.3151 -4.48561
TIMING: 205000  CPU: 112.535, 0.000547661/step  Wall: 113.801, 0.000552128/step, 312.971 ns/days, 0.121928 hours remaining, 0.000000 MB of memory in use.
PERFORMANCE: 205000  averaging 312.083 ns/day, 0.0005537 sec/step with standard deviation 5.55151e-06
ENERGY:  205000       520.0588      1396.4719       836.9844        80.2303         -82864.8183      6627.7328         0.0000         0.0000     14299.9255         -59103.4147       297.4558    -73403.3402    -58958.0451       299.2379            176.4719       210.4181    229391.4049       -21.9223         7.1744

PRESSURE: 210000 -374.605 -71.503 189.622 -71.5013 -455.453 -91.9215 189.622 -91.9222 -176.779
GPRESSURE: 210000 -202.499 -35.0429 140.804 4.66082 -488.198 -60.9209 359.643 -58.9151 -194.621
PRESSAVG: 210000 -139.485 -57.21 75.4771 -57.21 32.4345 39.9391 75.4771 39.9391 -60.3001
GPRESSAVG: 210000 -88.5347 -39.8465 86.9804 -57.3086 48.4135 7.64086 98.517 67.8884 -37.5777
TIMING: 210000  CPU: 115.264, 0.000545918/step  Wall: 116.551, 0.000550147/step, 314.098 ns/days, 0.120727 hours remaining, 0.000000 MB of memory in use.
PERFORMANCE: 210000  averaging 312.13 ns/day, 0.000553615 sec/step with standard deviation 5.51072e-06
ENERGY:  210000       499.6519      1364.7894       845.3042        79.2226         -82480.8313      6385.6415         0.0000         0.0000     14274.5457         -59031.6760       296.9278    -73306.2217    -58970.2745       299.0644           -335.6124      -295.1058    230080.4690       -55.7834       -25.8996

PRESSURE: 215000 54.8224 -49.7294 70.5688 -49.7315 -194.877 120.434 70.5699 120.433 362.652
GPRESSURE: 215000 41.2 -123.339 61.141 42.8901 -144.676 166.867 68.1238 156.561 424.656
PRESSAVG: 215000 -129.362 -55.9625 81.7404 -55.9625 29.5195 45.6749 81.7404 45.6749 -34.491
GPRESSAVG: 215000 -77.6188 -44.7183 89.8001 -49.3253 44.6311 15.2354 105.538 76.8691 -9.66127
TIMING: 215000  CPU: 118.004, 0.000548055/step  Wall: 119.313, 0.000552341/step, 312.85 ns/days, 0.120441 hours remaining, 0.000000 MB of memory in use.
PERFORMANCE: 215000  averaging 312.147 ns/day, 0.000553585 sec/step with standard deviation 5.44818e-06
ENERGY:  215000       512.4513      1389.8777       835.6756        76.4601         -82912.7505      6642.2068         0.0000         0.0000     14395.9805         -59060.0985       299.4538    -73456.0789    -58966.9316       298.9975             74.1993       107.0598    229576.3161       -44.7777       -14.2163

PRESSURE: 220000 -495.548 -199.3 -128.62 -199.299 -418.697 100.658 -128.621 100.657 -228.081
GPRESSURE: 220000 -493.018 -253.428 -154.664 -92.4013 -413.547 66.9613 -12.5627 -11.1869 -126.611
PRESSAVG: 220000 -150.528 -74.7968 75.9481 -74.7968 3.35165 55.9004 75.9481 55.9004 -38.0814
GPRESSAVG: 220000 -94.341 -68.4715 84.3531 -60.598 12.8708 18.8008 100.008 82.055 -11.4306
TIMING: 220000  CPU: 120.757, 0.000550442/step  Wall: 122.087, 0.000554879/step, 311.419 ns/days, 0.120224 hours remaining, 0.000000 MB of memory in use.
PERFORMANCE: 220000  averaging 312.13 ns/day, 0.000553615 sec/step with standard deviation 5.38799e-06
ENERGY:  220000       501.7492      1390.0768       850.3822        79.6020         -82386.2102      6273.2568         0.0000         0.0000     14310.4827         -58980.6605       297.6754    -73291.1432    -58954.5741       299.0867           -380.7752      -344.3921    230340.3698       -61.7525       -30.9669

PRESSURE: 225000 129.096 -12.3793 -20.9711 -12.3809 -199.608 -51.8453 -20.9724 -51.8453 -26.8142
GPRESSURE: 225000 73.3781 -39.652 13.8739 -80.0473 -92.8257 13.9956 -42.9342 -26.5354 -26.0247
PRESSAVG: 225000 -134.705 -77.3543 67.7793 -77.3543 -10.4095 37.5053 67.7793 37.5053 -24.7679
GPRESSAVG: 225000 -81.296 -69.6979 74.5252 -66.0573 4.24412 7.29689 88.7978 67.738 -1.6147
TIMING: 225000  CPU: 123.495, 0.000547637/step  Wall: 124.847, 0.000551895/step, 313.103 ns/days, 0.118811 hours remaining, 0.000000 MB of memory in use.
PERFORMANCE: 225000  averaging 312.152 ns/day, 0.000553577 sec/step with standard deviation 5.33257e-06
ENERGY:  225000       504.6159      1382.8225       835.5662        83.4310         -82632.6561      6588.5747         0.0000         0.0000     14315.2083         -58922.4375       297.7737    -73237.6458    -58950.9994       298.9706            -32.4419       -15.1574    230318.5647       -56.6273       -26.2222

PRESSURE: 230000 -123.975 83.88 486.492 83.8805 187.651 -14.7583 486.491 -14.7566 72.3937
GPRESSURE: 230000 -70.1845 131.686 462.789 -13.7016 145.743 54.6457 476.986 -150.772 173.314
PRESSAVG: 230000 -132.274 -60.4849 91.2506 -60.4849 -4.18538 23.8068 91.2506 23.8068 -20.7778
GPRESSAVG: 230000 -77.5437 -52.0891 89.9691 -57.9135 3.31439 -2.15902 117.19 50.6533 9.16979
TIMING: 230000  CPU: 126.234, 0.00054782/step  Wall: 127.608, 0.000552147/step, 312.96 ns/days, 0.118098 hours remaining, 0.000000 MB of memory in use.
PERFORMANCE: 230000  averaging 312.169 ns/day, 0.000553546 sec/step with standard deviation 5.2772e-06
ENERGY:  230000       467.4204      1421.3652       833.9340        78.8351         -82393.1250      6420.7235         0.0000         0.0000     14390.3331         -58780.5137       299.3364    -73170.8468    -58959.4995       298.9416             45.3564        82.9576    229670.1516       -52.4124       -21.6865

PRESSURE: 235000 -365.969 340.639 -42.649 340.64 -280.66 125.96 -42.6489 125.962 176.389
GPRESSURE: 235000 -370.877 259.252 9.33721 397.15 -226.911 18.4477 -130.711 5.68218 170.861
PRESSAVG: 235000 -144.916 -46.8316 79.4188 -46.8316 -13.935 30.5386 79.4188 30.5386 -24.093
GPRESSAVG: 235000 -93.7982 -39.6946 75.2928 -41.9865 -3.80637 0.134259 101.279 48.2414 4.85154
TIMING: 235000  CPU: 128.973, 0.000547916/step  Wall: 130.371, 0.00055261/step, 312.698 ns/days, 0.11743 hours remaining, 0.000000 MB of memory in use.
PERFORMANCE: 235000  averaging 312.181 ns/day, 0.000553526 sec/step with standard deviation 5.22131e-06
ENERGY:  235000       511.4222      1402.2547       815.2868        79.4650         -82377.3641      6428.2333         0.0000         0.0000     14315.1821         -58825.5200       297.7731    -73140.7021    -58962.0368       298.6998           -156.7467      -142.3093    229769.2123       -60.9813       -30.9177

PRESSURE: 240000 -207.256 169.773 33.449 169.772 -8.8615 79.2888 33.448 79.2898 27.6388
GPRESSURE: 240000 -110.722 137.71 -54.7591 82.7885 6.51459 -21.8003 46.9968 97.4997 20.1581
PRESSAVG: 240000 -141.498 -30.6282 71.9652 -30.6282 -20.928 34.5203 71.9652 34.5203 -2.52929
GPRESSAVG: 240000 -88.2189 -29.1988 68.7211 -27.1217 -9.25966 0.329013 86.4876 49.8944 24.4722
TIMING: 240000  CPU: 131.711, 0.000547536/step  Wall: 133.13, 0.000551786/step, 313.165 ns/days, 0.116488 hours remaining, 0.000000 MB of memory in use.
PERFORMANCE: 240000  averaging 312.201 ns/day, 0.000553489 sec/step with standard deviation 5.17156e-06
ENERGY:  240000       505.3137      1334.8876       843.7108        78.3422         -82561.0111      6448.5216         0.0000         0.0000     14449.2987         -58900.9366       300.5629    -73350.2353    -58949.3474       298.9254            -62.8262       -28.0164    230445.2109       -54.9851       -24.3355

PRESSURE: 245000 -288.365 340.555 -174.612 340.555 -304.813 -178.986 -174.612 -178.987 -478.997
GPRESSURE: 245000 -275.755 404.851 -117.038 322.486 -171.07 -307.934 -55.9052 -152.244 -544.056
PRESSAVG: 245000 -153.918 -11.7572 60.0185 -11.7572 -30.6558 30.6292 60.0185 30.6292 -48.3785
GPRESSAVG: 245000 -107.065 -7.57877 56.6176 -8.12344 -14.1473 -2.75478 81.205 45.317 -21.7044
TIMING: 245000  CPU: 134.444, 0.000546514/step  Wall: 135.883, 0.000550766/step, 313.745 ns/days, 0.115508 hours remaining, 0.000000 MB of memory in use.
PERFORMANCE: 245000  averaging 312.232 ns/day, 0.000553434 sec/step with standard deviation 5.13218e-06
ENERGY:  245000       518.6995      1372.2195       845.8415        82.0753         -82466.7115      6341.8401         0.0000         0.0000     14478.4249         -58827.6107       301.1688    -73306.0356    -58952.4378       299.0544           -357.3916      -330.2937    230138.7160       -77.6509       -47.6389

PRESSURE: 250000 -165.53 -36.6169 -152.299 -36.6175 -610.489 105.919 -152.299 105.92 -384.965
GPRESSURE: 250000 -61.2301 -111.62 -164.357 -11.365 -656.308 118.646 -162.856 114.603 -388.743
PRESSAVG: 250000 -165.319 -14.0248 38.7453 -14.0248 -69.4938 42.6131 38.7453 42.6131 -70.9926
GPRESSAVG: 250000 -116.325 -12.4021 39.8644 -6.00973 -56.5304 9.80203 58.6261 56.4943 -44.2779
TIMING: 250000  CPU: 137.184, 0.000548001/step  Wall: 138.647, 0.000552669/step, 312.665 ns/days, 0.115139 hours remaining, 0.000000 MB of memory in use.
PERFORMANCE: 250000  averaging 312.241 ns/day, 0.000553419 sec/step with standard deviation 5.08069e-06
ETITLE:      TS           BOND          ANGLE          DIHED          IMPRP               ELECT            VDW       BOUNDARY           MISC        KINETIC               TOTAL           TEMP      POTENTIAL       TOTALAVG        TEMPAVG            PRESSURE      GPRESSURE         VOLUME       PRESSAVG      GPRESSAVG

ENERGY:  250000       540.0476      1357.9793       836.6811        83.9358         -82425.3628      6224.4330         0.0000         0.0000     14419.6984         -58962.5877       299.9472    -73382.2860    -58959.0598       299.0709           -386.9948      -368.7605    230037.9641      -101.9352       -72.3778

PRESSURE: 255000 -25.9414 3.01563 -96.6917 3.01724 19.2387 18.1696 -96.6916 18.1721 195.658
GPRESSURE: 255000 6.45805 122.538 -34.2477 -130.917 120.829 -69.1767 -126.425 128.641 162.491
PRESSAVG: 255000 -177.269 -16.9519 35.2008 -16.9519 -80.13 44.8671 35.2008 44.8671 -60.4425
GPRESSAVG: 255000 -125.098 -12.7592 34.864 -15.3575 -65.1562 15.3658 55.6329 58.3144 -37.4116
TIMING: 255000  CPU: 139.92, 0.000547232/step  Wall: 141.404, 0.00055145/step, 313.356 ns/days, 0.11412 hours remaining, 0.000000 MB of memory in use.
PERFORMANCE: 255000  averaging 312.263 ns/day, 0.00055338 sec/step with standard deviation 5.03718e-06
ENERGY:  255000       486.6659      1377.0241       863.0021        80.2998         -82570.4795      6458.3053         0.0000         0.0000     14411.0311         -58894.1512       299.7669    -73305.1824    -58957.3875       299.0201             62.9851        96.5927    229929.4722      -105.9471       -75.8886

PRESSURE: 260000 466.115 155.278 24.701 155.277 81.5853 -133.054 24.7018 -133.053 116.896
GPRESSURE: 260000 588.006 24.7873 87.9971 316.889 35.6679 -134.758 -77.2115 -143.472 127.569
PRESSAVG: 260000 -131.252 -11.8138 27.6907 -11.8138 -97.903 41.8726 27.6907 41.8726 -51.1323
GPRESSAVG: 260000 -79.1572 -10.7955 32.6731 -4.15956 -83.8453 23.953 39.0099 47.9499 -25.9483
TIMING: 260000  CPU: 142.658, 0.000547546/step  Wall: 144.163, 0.000551783/step, 313.167 ns/days, 0.113422 hours remaining, 0.000000 MB of memory in use.
PERFORMANCE: 260000  averaging 312.28 ns/day, 0.000553349 sec/step with standard deviation 4.99246e-06
ENERGY:  260000       442.1282      1394.9175       836.9078        77.1679         -82477.9967      6527.1432         0.0000         0.0000     14385.2522         -58814.4798       299.2307    -73199.7320    -58945.3959       299.0836            221.5320       250.4144    229669.1203       -93.4290       -62.9836

PRESSURE: 265000 -252.896 77.5914 91.8364 77.5928 -185.121 -49.9603 91.8367 -49.9596 -239.997
GPRESSURE: 265000 -159.374 96.5799 141.473 5.27568 -135.559 39.247 42.8477 -54.9254 -306.939
PRESSAVG: 265000 -144.301 5.09344 28.3825 5.09344 -93.593 36.7102 28.3825 36.7102 -46.482
GPRESSAVG: 265000 -86.1341 2.48838 32.9375 12.6611 -79.7222 26.1392 41.0313 45.9442 -27.9109
TIMING: 265000  CPU: 145.391, 0.000546666/step  Wall: 146.919, 0.000551114/step, 313.547 ns/days, 0.112519 hours remaining, 0.000000 MB of memory in use.
PERFORMANCE: 265000  averaging 312.304 ns/day, 0.000553307 sec/step with standard deviation 4.95375e-06
ENERGY:  265000       495.8488      1357.6988       828.2107        84.2680         -82228.3246      6302.0396         0.0000         0.0000     14329.7792         -58830.4795       298.0768    -73160.2587    -58952.0494       298.9796           -226.0046      -200.6241    230759.9614       -94.7922       -64.5891

PRESSURE: 270000 -329.636 62.2274 -33.0027 62.2282 -377.946 142.845 -33.0012 142.846 327.096
GPRESSURE: 270000 -246.99 49.2315 -115.758 106.783 -338.676 197.135 69.1243 116.306 275.468
PRESSAVG: 270000 -161.307 12.6221 32.8867 12.6221 -129.705 32.1515 32.8867 32.1515 -49.2152
GPRESSAVG: 270000 -103.158 13.6629 35.979 18.7508 -115.24 28.3027 42.2861 35.891 -33.3412
TIMING: 270000  CPU: 148.13, 0.000547809/step  Wall: 149.681, 0.000552427/step, 312.801 ns/days, 0.11202 hours remaining, 0.000000 MB of memory in use.
PERFORMANCE: 270000  averaging 312.313 ns/day, 0.000553291 sec/step with standard deviation 4.90826e-06
ENERGY:  270000       506.3043      1388.3041       859.1231        83.6896         -82531.9623      6462.2728         0.0000         0.0000     14372.4102         -58859.8583       298.9635    -73232.2685    -58949.6574       298.9624           -126.8284      -103.3993    229186.1698      -113.4092       -83.9131

PRESSURE: 275000 4.21609 53.4261 -269.942 53.4252 328.158 155.936 -269.943 155.939 -146.088
GPRESSURE: 275000 29.8278 43.9713 -214.604 -94.7332 360.165 79.9369 -136.88 160.299 -89.5284
PRESSAVG: 275000 -164.871 28.0146 17.4353 28.0146 -139.163 37.5676 17.4353 37.5676 -74.2232
GPRESSAVG: 275000 -104.735 21.1467 20.1623 30.879 -124.597 29.3731 35.0955 43.6715 -59.0017
TIMING: 275000  CPU: 150.867, 0.000547401/step  Wall: 152.44, 0.000551919/step, 313.09 ns/days, 0.11115 hours remaining, 0.000000 MB of memory in use.
PERFORMANCE: 275000  averaging 312.327 ns/day, 0.000553266 sec/step with standard deviation 4.86612e-06
ENERGY:  275000       503.0464      1399.5144       839.2429        72.4713         -82521.4544      6549.2575         0.0000         0.0000     14318.4852         -58839.4367       297.8418    -73157.9219    -58947.1305       298.8467             62.0954       100.1549    230631.9724      -126.0857       -96.1113

PRESSURE: 280000 -70.0774 118.606 -196.611 118.607 99.4525 -250.923 -196.61 -250.923 -213.473
GPRESSURE: 280000 -49.4493 -34.8634 -211.316 188.598 53.648 -102.809 -211.366 -185.631 -62.3704
PRESSAVG: 280000 -155.666 48.5245 18.4936 48.5245 -133.635 18.5912 18.4936 18.5912 -47.9393
GPRESSAVG: 280000 -97.0384 32.5349 15.0635 48.7943 -122.005 14.3696 39.3638 22.3951 -27.1005
TIMING: 280000  CPU: 153.602, 0.000547054/step  Wall: 155.198, 0.000551554/step, 313.297 ns/days, 0.110311 hours remaining, 0.000000 MB of memory in use.
PERFORMANCE: 280000  averaging 312.345 ns/day, 0.000553235 sec/step with standard deviation 4.8271e-06
ENERGY:  280000       488.2709      1380.8382       855.5072        72.1498         -82257.3730      6372.3065         0.0000         0.0000     14549.0342         -58539.2663       302.6375    -73088.3004    -58928.3319       298.9921            -61.3659       -19.3905    230863.5224      -112.4136       -82.0481

PRESSURE: 285000 -37.3515 370.714 -104.57 370.713 64.0623 -29.852 -104.571 -29.8528 -265.31
GPRESSURE: 285000 -25.5437 368.903 13.5634 387.642 121.327 -37.2381 71.7837 -92.6086 -254.489
PRESSAVG: 285000 -151.255 63.2393 20.0879 63.2393 -129.011 21.6567 20.0879 21.6567 -38.8066
GPRESSAVG: 285000 -93.652 47.2978 31.9894 71.0115 -113.717 19.3785 45.0494 18.0941 -21.0203
TIMING: 285000  CPU: 156.334, 0.000546305/step  Wall: 157.953, 0.000550953/step, 313.638 ns/days, 0.109425 hours remaining, 0.000000 MB of memory in use.
PERFORMANCE: 285000  averaging 312.367 ns/day, 0.000553195 sec/step with standard deviation 4.79334e-06
ENERGY:  285000       490.3086      1374.9326       846.3902        78.7003         -82884.8644      6536.3512         0.0000         0.0000     14459.2889         -59098.8927       300.7707    -73558.1816    -58941.4696       298.9969            -79.5330       -52.9019    229171.6981      -106.3575       -76.1297

PRESSURE: 290000 384.565 50.6722 78.156 50.6745 -236.076 76.3225 78.1573 76.322 -250.842
GPRESSURE: 290000 385.047 65.8254 -38.4869 47.5487 -293.807 64.9689 152.76 14.2833 -80.7969
PRESSAVG: 290000 -99.7548 70.6165 17.8318 70.6165 -131.41 16.1531 17.8318 16.1531 -52.0346
GPRESSAVG: 290000 -49.5775 56.3622 25.4662 72.128 -113.281 14.8549 42.8271 8.03298 -28.7702
TIMING: 290000  CPU: 159.073, 0.000547854/step  Wall: 160.716, 0.000552694/step, 312.65 ns/days, 0.109004 hours remaining, 0.000000 MB of memory in use.
PERFORMANCE: 290000  averaging 312.372 ns/day, 0.000553187 sec/step with standard deviation 4.75157e-06
ENERGY:  290000       497.2277      1371.9634       845.9095        74.9825         -82552.9759      6600.3282         0.0000         0.0000     14270.2198         -58892.3449       296.8378    -73162.5647    -58927.7620       298.9465            -34.1177         3.4811    229832.5608       -94.3996       -63.8763

PRESSURE: 295000 -150.607 -143.754 -89.0069 -143.752 -19.2504 105.677 -89.0061 105.677 -289.614
GPRESSURE: 295000 -141.905 -228.888 -160.252 -140.347 25.6266 50.059 -100.316 6.08629 -255.327
PRESSAVG: 295000 -90.1504 71.0418 3.57797 71.0418 -122.711 16.0858 3.57797 16.0858 -53.9733
GPRESSAVG: 295000 -42.0982 47.9734 4.02985 73.8834 -104.068 10.1308 30.1597 6.96735 -29.8163
TIMING: 295000  CPU: 161.805, 0.000546313/step  Wall: 163.471, 0.000550927/step, 313.653 ns/days, 0.10789 hours remaining, 0.000000 MB of memory in use.
PERFORMANCE: 295000  averaging 312.394 ns/day, 0.000553148 sec/step with standard deviation 4.7196e-06
ENERGY:  295000       514.7757      1328.3979       823.7839        71.2373         -82410.3744      6356.9777         0.0000         0.0000     14460.7192         -58854.4827       300.8005    -73315.2019    -58898.8919       299.0687           -153.1571      -123.8686    229475.3653       -88.9449       -58.6610

PRESSURE: 300000 -83.833 -61.9954 -6.51683 -61.9971 133.793 134.807 -6.51655 134.808 149.055
GPRESSURE: 300000 -81.3655 -95.2232 -17.3963 31.778 183.832 133.161 6.31041 133.819 194.809
PRESSAVG: 300000 -88.163 54.4467 -11.5137 54.4467 -117.327 14.9755 -11.5137 14.9755 -47.233
GPRESSAVG: 300000 -44.3108 31.294 -10.4811 66.6118 -93.6883 11.2737 18.0507 5.78407 -23.1083
TIMING: 300000  CPU: 164.548, 0.000548644/step  Wall: 166.239, 0.000553584/step, 312.148 ns/days, 0.107641 hours remaining, 0.000000 MB of memory in use.
PERFORMANCE: 300000  averaging 312.39 ns/day, 0.000553156 sec/step with standard deviation 4.67977e-06
ETITLE:      TS           BOND          ANGLE          DIHED          IMPRP               ELECT            VDW       BOUNDARY           MISC        KINETIC               TOTAL           TEMP      POTENTIAL       TOTALAVG        TEMPAVG            PRESSURE      GPRESSURE         VOLUME       PRESSAVG      GPRESSAVG

ENERGY:  300000       506.2360      1355.2971       843.5753        86.7978         -82821.9076      6651.3090         0.0000         0.0000     14237.2727         -59141.4196       296.1525    -73378.6923    -58908.0134       298.9577             66.3385        99.0917    229554.8345       -84.2408       -53.7025

PRESSURE: 305000 205.782 -20.0962 -121.339 -20.097 74.2806 107.072 -121.34 107.074 407.645
GPRESSURE: 305000 253.078 -128.292 -143.859 -130.015 97.2877 128.21 -182.424 216.833 445.005
PRESSAVG: 305000 -86.3497 61.5503 -23.1003 61.5503 -115.182 23.5901 -23.1003 23.5901 -43.2768
GPRESSAVG: 305000 -45.596 32.7493 -24.7879 62.0482 -90.5468 19.8822 2.74921 13.7161 -16.7588
TIMING: 305000  CPU: 167.292, 0.000548858/step  Wall: 169.007, 0.000553658/step, 312.106 ns/days, 0.106887 hours remaining, 0.000000 MB of memory in use.
PERFORMANCE: 305000  averaging 312.385 ns/day, 0.000553164 sec/step with standard deviation 4.64106e-06
ENERGY:  305000       537.8212      1384.2392       842.4743        81.9098         -83068.6308      6716.8678         0.0000         0.0000     14376.6638         -59128.6546       299.0520    -73505.3184    -58909.2754       299.0375            229.2358       265.1235    230061.4481       -81.6027       -50.9672

PRESSURE: 310000 303.595 139.845 99.3083 139.846 447.216 376.753 99.3085 376.751 35.1198
GPRESSURE: 310000 369.499 130.928 105.002 163.065 433.187 250.78 8.69741 607.157 63.5353
PRESSAVG: 310000 -52.4397 72.1176 -27.616 72.1176 -70.048 47.0237 -27.616 47.0237 -32.6819
GPRESSAVG: 310000 -16.9961 41.0479 -26.578 69.9684 -44.4776 35.4672 -14.7981 47.0197 -3.851
TIMING: 310000  CPU: 170.031, 0.000547783/step  Wall: 171.771, 0.00055273/step, 312.63 ns/days, 0.10594 hours remaining, 0.000000 MB of memory in use.
PERFORMANCE: 310000  averaging 312.389 ns/day, 0.000553157 sec/step with standard deviation 4.60319e-06
ENERGY:  310000       495.9079      1397.4331       864.1880        78.2586         -82884.7781      6607.5764         0.0000         0.0000     14331.0502         -59110.3640       298.1032    -73441.4142    -58913.2098       299.0963            261.9769       288.7403    229626.1396       -51.7232       -21.7749

PRESSURE: 315000 157.891 -236.175 69.6052 -236.171 255.228 -305.535 69.6059 -305.535 -5.06202
GPRESSURE: 315000 145.784 -132.234 123.208 -340.527 350.714 -214.367 -24.1885 -329.496 8.06799
PRESSAVG: 315000 -47.2862 62.7956 -27.6642 62.7956 -47.5428 25.7253 -27.6642 25.7253 -51.0676
GPRESSAVG: 315000 -11.7669 40.6031 -23.4747 50.7975 -19.7081 16.4055 -19.4137 22.7169 -24.6804
TIMING: 315000  CPU: 172.769, 0.000547578/step  Wall: 174.531, 0.000551969/step, 313.061 ns/days, 0.105027 hours remaining, 0.000000 MB of memory in use.
PERFORMANCE: 315000  averaging 312.399 ns/day, 0.000553138 sec/step with standard deviation 4.56837e-06
ENERGY:  315000       524.5137      1374.9796       826.7106        87.4947         -82893.2332      6701.4948         0.0000         0.0000     14384.9147         -58993.1250       299.2236    -73378.0397    -58909.8611       299.0847            136.0193       168.1886    230121.5904       -48.6322       -18.7185

PRESSURE: 320000 158.204 -52.6649 -90.6003 -52.6638 -568.574 -77.5844 -90.6009 -77.5837 -341.351
GPRESSURE: 320000 113.635 -59.0213 -135.482 -23.9785 -466.048 -78.8822 -61.3848 -208.836 -311.351
PRESSAVG: 320000 -14.5986 70.1274 -25.7632 70.1274 -55.0366 16.8132 -25.7632 16.8132 -56.7311
GPRESSAVG: 320000 18.5658 50.3234 -22.5156 54.2187 -22.3331 9.11332 -21.8548 12.8344 -33.9174
TIMING: 320000  CPU: 175.504, 0.000547017/step  Wall: 177.287, 0.000551276/step, 313.455 ns/days, 0.10413 hours remaining, 0.000000 MB of memory in use.
PERFORMANCE: 320000  averaging 312.416 ns/day, 0.000553109 sec/step with standard deviation 4.53794e-06
ENERGY:  320000       496.5543      1435.3982       824.4620        85.8141         -82350.7004      6296.1309         0.0000         0.0000     14366.2898         -58846.0510       298.8362    -73212.3408    -58903.1306       299.1428           -250.5737      -221.2546    230102.7554       -42.1221       -12.5616

PRESSURE: 325000 -18.8479 -7.83095 65.3651 -7.8304 -81.7969 40.9547 65.3669 40.9548 -398.214
GPRESSURE: 325000 55.5819 53.7666 132.916 -137.115 -82.9276 -116.421 -50.0317 108.393 -352.771
PRESSAVG: 325000 -21.9958 70.3549 -21.4462 70.3549 -49.1461 21.4532 -21.4462 21.4532 -75.3011
GPRESSAVG: 325000 17.676 54.9944 -16.5635 51.3653 -21.8382 2.5925 -22.2097 19.5808 -50.2547
TIMING: 325000  CPU: 178.247, 0.000548546/step  Wall: 180.054, 0.00055331/step, 312.302 ns/days, 0.103746 hours remaining, 0.000000 MB of memory in use.
PERFORMANCE: 325000  averaging 312.414 ns/day, 0.000553112 sec/step with standard deviation 4.50241e-06
EXITING: Exceeded benchmark time limit 180 seconds
[0] Stack Traceback:
  [0:0] namd3 0x11031a8 CmiAbortHelper(char const*, char const*, char const*, int, int)
  [0:1] namd3 0x11032ad 
  [0:2] namd3 0x7b762b 
  [0:3] namd3 0xa35ebf 
  [0:4] namd3 0xa48d0a Controller::printEnergies(int, int)
  [0:5] namd3 0xa5067a Controller::printStep(int, NodeReduction*)
  [0:6] namd3 0xc3c7dd Sequencer::integrate_CUDA_SOA(int)
  [0:7] namd3 0xc3da2a Sequencer::algorithm()
  [0:8] namd3 0x10c4d05 CthStartThread
  [0:9] namd3 0x10c4f4f make_fcontext
[0] Stack Traceback:
  [0:0] namd3 0x110207e 
  [0:1] namd3 0x110311e LrtsAbort(char const*)
  [0:2] namd3 0x11031b0 CmiAbortHelper(char const*, char const*, char const*, int, int)
  [0:3] namd3 0x11032ad 
  [0:4] namd3 0x7b762b 
  [0:5] namd3 0xa35ebf 
  [0:6] namd3 0xa48d0a Controller::printEnergies(int, int)
  [0:7] namd3 0xa5067a Controller::printStep(int, NodeReduction*)
  [0:8] namd3 0xc3c7dd Sequencer::integrate_CUDA_SOA(int)
  [0:9] namd3 0xc3da2a Sequencer::algorithm()
  [0:10] namd3 0x10c4d05 CthStartThread
  [0:11] namd3 0x10c4f4f make_fcontext
